50.08407211
96.16814423
40.08407211
68.16814423
28.04203606
56.08407211
22.04203606
72.16814423
80.16814423
8.52101803
76.16814423
68.16814423
44.08407211
52.08407211
27.04203606
6.51050901
50.08407211
92.16814423
88.16814423
72.16814423
64.16814423
25.04203606
72.16814423
60.08407211
54.08407211
34.08407211
25.04203606
12.02101803
11.52101803
34.08407211
58.08407211
40.08407211
15.52101803
92.16814423
88.16814423
46.08407211
58.08407211
40.08407211
100.16814423
100.16814423
56.08407211
84.16814423
19.04203606
36.08407211
23.04203606
10.02101803
92.16814423
48.08407211
46.08407211
38.08407211
54.08407211
72.16814423
52.08407211
80.16814423
56.08407211
48.08407211
34.08407211
58.08407211
19.04203606
50.08407211
76.16814423
80.16814423
11.02101803
76.16814423
84.16814423
84.16814423
0.06266420
24.04203606
72.16814423
17.04203606
54.08407211
11.52101803
4.76050901
19.04203606
72.16814423
56.08407211
2.00525451
5.51050901
84.16814423
96.16814423
16.04203606
42.08407211
32.08407211
56.08407211
60.08407211
46.08407211
96.16814423
34.08407211
84.16814423
2.25525451
12.02101803
46.08407211
2.50525451
92.16814423
32.08407211
44.08407211
72.16814423
72.16814423
68.16814423
15.52101803
0.00000000
0.00000000
0.00000000
0.00000000
0.00000000
0.00000000
0.00000000
0.00000000
0.00000000
0.00000000
0.00000000
0.00000000
